2021-08-15 18:47:52.426 INFO  (main) [   ] o.e.j.u.log Logging initialized @1325ms to org.eclipse.jetty.util.log.Slf4jLog
2021-08-15 18:47:52.610 INFO  (main) [   ] o.e.j.s.Server jetty-9.4.41.v20210516; built: 2021-05-16T23:56:28.993Z; git: 98607f93c7833e7dc59489b13f3cb0a114fb9f4c; jvm 1.8.0_292-8u292-b10-0ubuntu1~20.04-b10
2021-08-15 18:47:52.638 INFO  (main) [   ] o.e.j.d.p.ScanningAppProvider Deployment monitor [file:///home/ubuntu/solr-8.9.0/server/contexts/] at interval 0
2021-08-15 18:47:52.933 INFO  (main) [   ] o.e.j.w.StandardDescriptorProcessor NO JSP Support for /solr, did not find org.apache.jasper.servlet.JspServlet
2021-08-15 18:47:52.945 INFO  (main) [   ] o.e.j.s.session DefaultSessionIdManager workerName=node0
2021-08-15 18:47:52.945 INFO  (main) [   ] o.e.j.s.session No SessionScavenger set, using defaults
2021-08-15 18:47:52.947 INFO  (main) [   ] o.e.j.s.session node0 Scavenging every 600000ms
2021-08-15 18:47:53.014 INFO  (main) [   ] o.a.s.s.SolrDispatchFilter Using logger factory org.apache.logging.slf4j.Log4jLoggerFactory
2021-08-15 18:47:53.019 INFO  (main) [   ] o.a.s.s.SolrDispatchFilter  ___      _       Welcome to Apache Solr™ version 8.9.0
2021-08-15 18:47:53.019 INFO  (main) [   ] o.a.s.s.SolrDispatchFilter / __| ___| |_ _   Starting in standalone mode on port 8983
2021-08-15 18:47:53.019 INFO  (main) [   ] o.a.s.s.SolrDispatchFilter \__ \/ _ \ | '_|  Install dir: /home/ubuntu/solr-8.9.0
2021-08-15 18:47:53.019 INFO  (main) [   ] o.a.s.s.SolrDispatchFilter |___/\___/_|_|    Start time: 2021-08-15T18:47:53.019Z
2021-08-15 18:47:53.024 INFO  (main) [   ] o.a.s.c.SolrPaths Using system property solr.solr.home: /home/ubuntu/indexe
2021-08-15 18:47:53.024 INFO  (main) [   ] o.a.s.c.SolrXmlConfig Loading container configuration from /home/ubuntu/indexe/solr.xml
2021-08-15 18:47:53.135 INFO  (main) [   ] o.a.s.c.SolrXmlConfig MBean server found: com.sun.jmx.mbeanserver.JmxMBeanServer@6d2a209c, but no JMX reporters were configured - adding default JMX reporter.
2021-08-15 18:47:53.611 INFO  (main) [   ] o.a.s.h.c.HttpShardHandlerFactory Host whitelist initialized: WhitelistHostChecker [whitelistHosts=null, whitelistHostCheckingEnabled=true]
2021-08-15 18:47:53.776 WARN  (main) [   ] o.e.j.u.s.S.config Trusting all certificates configured for Client@72445aba[provider=null,keyStore=null,trustStore=null]
2021-08-15 18:47:53.777 WARN  (main) [   ] o.e.j.u.s.S.config No Client EndPointIdentificationAlgorithm configured for Client@72445aba[provider=null,keyStore=null,trustStore=null]
2021-08-15 18:47:53.943 WARN  (main) [   ] o.e.j.u.s.S.config Trusting all certificates configured for Client@11dee337[provider=null,keyStore=null,trustStore=null]
2021-08-15 18:47:53.943 WARN  (main) [   ] o.e.j.u.s.S.config No Client EndPointIdentificationAlgorithm configured for Client@11dee337[provider=null,keyStore=null,trustStore=null]
2021-08-15 18:47:54.001 WARN  (main) [   ] o.a.s.c.CoreContainer Not all security plugins configured!  authentication=disabled authorization=disabled.  Solr is only as secure as you make it. Consider configuring authentication/authorization before exposing Solr to users internal or external.  See https://s.apache.org/solrsecurity for more info
2021-08-15 18:47:54.176 INFO  (main) [   ] o.a.s.c.TransientSolrCoreCacheDefault Allocating transient cache for 2147483647 transient cores
2021-08-15 18:47:54.178 INFO  (main) [   ] o.a.s.h.a.MetricsHistoryHandler No .system collection, keeping metrics history in memory.
2021-08-15 18:47:54.184 WARN  (main) [   ] o.a.s.D.o.a.s.h.a.MetricsCollectorHandler Solr loaded a deprecated plugin/analysis class [org.apache.solr.handler.admin.MetricsCollectorHandler]. Please consult documentation how to replace it accordingly.
2021-08-15 18:47:54.262 INFO  (main) [   ] o.a.s.m.r.SolrJmxReporter JMX monitoring for 'solr.node' (registry 'solr.node') enabled at server: com.sun.jmx.mbeanserver.JmxMBeanServer@6d2a209c
2021-08-15 18:47:54.263 INFO  (main) [   ] o.a.s.m.r.SolrJmxReporter JMX monitoring for 'solr.jvm' (registry 'solr.jvm') enabled at server: com.sun.jmx.mbeanserver.JmxMBeanServer@6d2a209c
2021-08-15 18:47:54.269 INFO  (main) [   ] o.a.s.m.r.SolrJmxReporter JMX monitoring for 'solr.jetty' (registry 'solr.jetty') enabled at server: com.sun.jmx.mbeanserver.JmxMBeanServer@6d2a209c
2021-08-15 18:47:54.309 INFO  (main) [   ] o.a.s.c.CorePropertiesLocator Found 2 core definitions underneath /home/ubuntu/indexe
2021-08-15 18:47:54.310 INFO  (main) [   ] o.a.s.c.CorePropertiesLocator Cores are: [HelloWorld, 1_news]
2021-08-15 18:47:54.340 INFO  (coreLoadExecutor-13-thread-2) [   x:1_news] o.a.s.c.SolrConfig Using Lucene MatchVersion: 8.9.0
2021-08-15 18:47:54.340 INFO  (coreLoadExecutor-13-thread-1) [   x:HelloWorld] o.a.s.c.SolrConfig Using Lucene MatchVersion: 8.9.0
2021-08-15 18:47:54.373 INFO  (main) [   ] o.e.j.s.h.ContextHandler Started o.e.j.w.WebAppContext@11392934{/solr,file:///home/ubuntu/solr-8.9.0/server/solr-webapp/webapp/,AVAILABLE}{/home/ubuntu/solr-8.9.0/server/solr-webapp/webapp}
2021-08-15 18:47:54.386 INFO  (main) [   ] o.e.j.s.AbstractConnector Started ServerConnector@3e6ef8ad{HTTP/1.1, (http/1.1, h2c)}{0.0.0.0:8983}
2021-08-15 18:47:54.386 INFO  (main) [   ] o.e.j.s.Server Started @3287ms
2021-08-15 18:47:54.419 INFO  (coreLoadExecutor-13-thread-1) [   x:HelloWorld] o.a.s.s.IndexSchema Schema name=default-config
2021-08-15 18:47:54.420 INFO  (coreLoadExecutor-13-thread-2) [   x:1_news] o.a.s.s.IndexSchema Schema name=default-config
2021-08-15 18:47:54.644 INFO  (coreLoadExecutor-13-thread-1) [   x:HelloWorld] o.a.s.s.IndexSchema Loaded schema default-config/1.6 with uniqueid field id
2021-08-15 18:47:54.648 WARN  (coreLoadExecutor-13-thread-2) [   x:1_news] o.a.s.D.s.TrieDateField Solr loaded a deprecated plugin/analysis class [solr.TrieDateField]. Please consult documentation how to replace it accordingly.
2021-08-15 18:47:54.649 INFO  (coreLoadExecutor-13-thread-2) [   x:1_news] o.a.s.s.IndexSchema Loaded schema default-config/1.6 with uniqueid field id
2021-08-15 18:47:54.650 INFO  (coreLoadExecutor-13-thread-1) [   x:HelloWorld] o.a.s.c.CoreContainer Creating SolrCore 'HelloWorld' using configuration from instancedir /home/ubuntu/indexe/1_HelloWorld, trusted=true
2021-08-15 18:47:54.650 INFO  (coreLoadExecutor-13-thread-2) [   x:1_news] o.a.s.c.CoreContainer Creating SolrCore '1_news' using configuration from instancedir /home/ubuntu/indexe/1_newsShort, trusted=true
2021-08-15 18:47:54.686 INFO  (coreLoadExecutor-13-thread-1) [   x:HelloWorld] o.a.s.m.r.SolrJmxReporter JMX monitoring for 'solr.core.HelloWorld' (registry 'solr.core.HelloWorld') enabled at server: com.sun.jmx.mbeanserver.JmxMBeanServer@6d2a209c
2021-08-15 18:47:54.686 INFO  (coreLoadExecutor-13-thread-2) [   x:1_news] o.a.s.m.r.SolrJmxReporter JMX monitoring for 'solr.core.1_news' (registry 'solr.core.1_news') enabled at server: com.sun.jmx.mbeanserver.JmxMBeanServer@6d2a209c
2021-08-15 18:47:54.701 INFO  (coreLoadExecutor-13-thread-1) [   x:HelloWorld] o.a.s.c.SolrCore [[HelloWorld] ] Opening new SolrCore at [/home/ubuntu/indexe/1_HelloWorld], dataDir=[/home/ubuntu/indexe/1_HelloWorld/data/]
2021-08-15 18:47:54.701 INFO  (coreLoadExecutor-13-thread-2) [   x:1_news] o.a.s.c.SolrCore [[1_news] ] Opening new SolrCore at [/home/ubuntu/indexe/1_newsShort], dataDir=[/home/ubuntu/indexe/1_newsShort/data/]
2021-08-15 18:47:55.257 INFO  (coreLoadExecutor-13-thread-2) [   x:1_news] o.a.s.u.CommitTracker Hard AutoCommit: disabled
2021-08-15 18:47:55.257 INFO  (coreLoadExecutor-13-thread-1) [   x:HelloWorld] o.a.s.u.CommitTracker Hard AutoCommit: disabled
2021-08-15 18:47:55.257 INFO  (coreLoadExecutor-13-thread-1) [   x:HelloWorld] o.a.s.u.CommitTracker Soft AutoCommit: disabled
2021-08-15 18:47:55.257 INFO  (coreLoadExecutor-13-thread-2) [   x:1_news] o.a.s.u.CommitTracker Soft AutoCommit: disabled
2021-08-15 18:47:55.387 INFO  (coreLoadExecutor-13-thread-2) [   x:1_news] o.a.s.r.ManagedResourceStorage File-based storage initialized to use dir: /home/ubuntu/indexe/1_newsShort/conf
2021-08-15 18:47:55.411 INFO  (coreLoadExecutor-13-thread-2) [   x:1_news] o.a.s.h.ReplicationHandler Commits will be reserved for 10000 ms
2021-08-15 18:47:55.427 INFO  (searcherExecutor-17-thread-1-processing-x:1_news) [   x:1_news] o.a.s.c.SolrCore [1_news]  Registered new searcher autowarm time: 0 ms
2021-08-15 18:47:55.457 INFO  (coreLoadExecutor-13-thread-1) [   x:HelloWorld] o.a.s.r.ManagedResourceStorage File-based storage initialized to use dir: /home/ubuntu/indexe/1_HelloWorld/conf
2021-08-15 18:47:55.458 INFO  (coreLoadExecutor-13-thread-1) [   x:HelloWorld] o.a.s.h.ReplicationHandler Commits will be reserved for 10000 ms
2021-08-15 18:47:55.461 INFO  (searcherExecutor-16-thread-1-processing-x:HelloWorld) [   x:HelloWorld] o.a.s.c.SolrCore [HelloWorld]  Registered new searcher autowarm time: 0 ms
2021-08-15 18:48:06.444 INFO  (qtp708533063-22) [   x:1_news] o.a.s.u.p.LogUpdateProcessorFactory [1_news]  webapp=/solr path=/update params={}{add=[516fd184-2ed1-4079-8382-c02b440f48af, 21efa87a-05b3-4f2a-bb61-d4a868cd6245, 834dddd8-051d-4bd9-af14-7e9697896e90, 7ff04914-8540-4ba3-97f8-8dfa24497965, 053a75d1-1b0f-452f-a232-1f43fa3d6661, 791b83ca-6a12-474c-abf4-d4201da66232]} 0 187
2021-08-15 18:48:06.445 ERROR (qtp708533063-22) [   x:1_news] o.a.s.h.RequestHandlerBase org.apache.solr.common.SolrException: ERROR: [doc=11a09822-8701-4a1b-be59-c4233cbb8c01] unknown field 'lang'
	at org.apache.solr.update.DocumentBuilder.toDocument(DocumentBuilder.java:230)
	at org.apache.solr.update.AddUpdateCommand.makeLuceneDocs(AddUpdateCommand.java:243)
	at org.apache.solr.update.DirectUpdateHandler2.updateDocOrDocValues(DirectUpdateHandler2.java:962)
	at org.apache.solr.update.DirectUpdateHandler2.doNormalUpdate(DirectUpdateHandler2.java:342)
	at org.apache.solr.update.DirectUpdateHandler2.addDoc0(DirectUpdateHandler2.java:294)
	at org.apache.solr.update.DirectUpdateHandler2.addDoc(DirectUpdateHandler2.java:241)
	at org.apache.solr.update.processor.RunUpdateProcessorFactory$RunUpdateProcessor.processAdd(RunUpdateProcessorFactory.java:73)
	at org.apache.solr.update.processor.UpdateRequestProcessor.processAdd(UpdateRequestProcessor.java:55)
	at org.apache.solr.update.processor.DistributedUpdateProcessor.versionAdd(DistributedUpdateProcessor.java:295)
	at org.apache.solr.update.processor.DistributedUpdateProcessor.processAdd(DistributedUpdateProcessor.java:229)
	at org.apache.solr.update.processor.LogUpdateProcessorFactory$LogUpdateProcessor.processAdd(LogUpdateProcessorFactory.java:106)
	at org.apache.solr.update.processor.UpdateRequestProcessor.processAdd(UpdateRequestProcessor.java:55)
	at org.apache.solr.update.processor.AbstractDefaultValueUpdateProcessorFactory$DefaultValueUpdateProcessor.processAdd(AbstractDefaultValueUpdateProcessorFactory.java:92)
	at org.apache.solr.handler.loader.XMLLoader.processUpdate(XMLLoader.java:263)
	at org.apache.solr.handler.loader.XMLLoader.load(XMLLoader.java:190)
	at org.apache.solr.handler.UpdateRequestHandler$1.load(UpdateRequestHandler.java:97)
	at org.apache.solr.handler.ContentStreamHandlerBase.handleRequestBody(ContentStreamHandlerBase.java:82)
	at org.apache.solr.handler.RequestHandlerBase.handleRequest(RequestHandlerBase.java:216)
	at org.apache.solr.core.SolrCore.execute(SolrCore.java:2637)
	at org.apache.solr.servlet.HttpSolrCall.execute(HttpSolrCall.java:794)
	at org.apache.solr.servlet.HttpSolrCall.call(HttpSolrCall.java:567)
	at org.apache.solr.servlet.SolrDispatchFilter.doFilter(SolrDispatchFilter.java:427)
	at org.apache.solr.servlet.SolrDispatchFilter.doFilter(SolrDispatchFilter.java:357)
	at org.eclipse.jetty.servlet.FilterHolder.doFilter(FilterHolder.java:201)
	at org.eclipse.jetty.servlet.ServletHandler$Chain.doFilter(ServletHandler.java:1601)
	at org.eclipse.jetty.servlet.ServletHandler.doHandle(ServletHandler.java:548)
	at org.eclipse.jetty.server.handler.ScopedHandler.handle(ScopedHandler.java:143)
	at org.eclipse.jetty.security.SecurityHandler.handle(SecurityHandler.java:602)
	at org.eclipse.jetty.server.handler.HandlerWrapper.handle(HandlerWrapper.java:127)
	at org.eclipse.jetty.server.handler.ScopedHandler.nextHandle(ScopedHandler.java:235)
	at org.eclipse.jetty.server.session.SessionHandler.doHandle(SessionHandler.java:1624)
	at org.eclipse.jetty.server.handler.ScopedHandler.nextHandle(ScopedHandler.java:233)
	at org.eclipse.jetty.server.handler.ContextHandler.doHandle(ContextHandler.java:1435)
	at org.eclipse.jetty.server.handler.ScopedHandler.nextScope(ScopedHandler.java:188)
	at org.eclipse.jetty.servlet.ServletHandler.doScope(ServletHandler.java:501)
	at org.eclipse.jetty.server.session.SessionHandler.doScope(SessionHandler.java:1594)
	at org.eclipse.jetty.server.handler.ScopedHandler.nextScope(ScopedHandler.java:186)
	at org.eclipse.jetty.server.handler.ContextHandler.doScope(ContextHandler.java:1350)
	at org.eclipse.jetty.server.handler.ScopedHandler.handle(ScopedHandler.java:141)
	at org.eclipse.jetty.server.handler.ContextHandlerCollection.handle(ContextHandlerCollection.java:191)
	at org.eclipse.jetty.server.handler.InetAccessHandler.handle(InetAccessHandler.java:177)
	at org.eclipse.jetty.server.handler.HandlerCollection.handle(HandlerCollection.java:146)
	at org.eclipse.jetty.server.handler.HandlerWrapper.handle(HandlerWrapper.java:127)
	at org.eclipse.jetty.rewrite.handler.RewriteHandler.handle(RewriteHandler.java:322)
	at org.eclipse.jetty.server.handler.HandlerWrapper.handle(HandlerWrapper.java:127)
	at org.eclipse.jetty.server.Server.handle(Server.java:516)
	at org.eclipse.jetty.server.HttpChannel.lambda$handle$1(HttpChannel.java:388)
	at org.eclipse.jetty.server.HttpChannel.dispatch(HttpChannel.java:633)
	at org.eclipse.jetty.server.HttpChannel.handle(HttpChannel.java:380)
	at org.eclipse.jetty.server.HttpConnection.onFillable(HttpConnection.java:277)
	at org.eclipse.jetty.io.AbstractConnection$ReadCallback.succeeded(AbstractConnection.java:311)
	at org.eclipse.jetty.io.FillInterest.fillable(FillInterest.java:105)
	at org.eclipse.jetty.io.ChannelEndPoint$1.run(ChannelEndPoint.java:104)
	at org.eclipse.jetty.util.thread.QueuedThreadPool.runJob(QueuedThreadPool.java:882)
	at org.eclipse.jetty.util.thread.QueuedThreadPool$Runner.run(QueuedThreadPool.java:1036)
	at java.lang.Thread.run(Thread.java:748)

2021-08-15 18:48:06.489 INFO  (qtp708533063-18) [   x:1_news] o.a.s.u.p.LogUpdateProcessorFactory [1_news]  webapp=/solr path=/update params={}{add=[d9b94731-21da-44eb-b029-1e9418888f2d, 4c8c1296-b6d9-48eb-a5a4-970462c01e81, ccce3396-c823-4d09-8965-40d80e21c6fc, 70646ebc-2863-42fe-b2e1-39f15ca87da3, 52daf3a8-6c4c-4ef1-b029-b01e926f3b4d, 6fcf7414-4ddd-4623-aaf8-1a98d008f2a3, 41edb61c-b2dc-4c51-98ea-49bf9174e5d5, 830d361c-acf2-4fd9-9b0c-1fc5e4e2fe3c, 0480fdb6-4f60-4041-b39c-159a63693d94, 9dd53462-58a7-486e-adc2-8277631708ca, ... (12 adds)]} 0 13
2021-08-15 18:48:06.501 INFO  (qtp708533063-21) [   x:1_news] o.a.s.u.p.LogUpdateProcessorFactory [1_news]  webapp=/solr path=/update params={}{add=[ca3c1f2e-a940-48e3-8ca0-76f9750cde99, cda857c4-fcab-4e75-a1cb-3d3915314780, 47f0e522-b92b-4320-b397-4530f2aeee79, 1af8b853-1d5b-4254-b65a-6113751a66fa, a1333e0d-7d89-4454-8d8e-b8b251d0e741, acc735df-c5de-4e42-9855-b84a242f7f10, c86ec9ed-1d57-4f19-a8a4-1bc8724736ea]} 0 6
2021-08-15 18:48:06.511 INFO  (qtp708533063-23) [   x:1_news] o.a.s.u.p.LogUpdateProcessorFactory [1_news]  webapp=/solr path=/update params={}{add=[35ab57d9-b5aa-467d-9fcd-ad606784f25d, 6a5793d4-fefe-41c7-b9c9-00aae4f74699, f42b0f21-0110-4d18-be0e-3a90f3af9c70, fb2e5607-e570-41ac-8a0e-0ef916f0c160, 4e919930-ca33-4173-8057-02aaf5b664bf, 5118c268-4ae5-40d2-a44d-0c2760570687, 380a0739-ce92-4e8b-9617-db9b055886d7]} 0 5
2021-08-15 18:48:07.454 INFO  (searcherExecutor-17-thread-1-processing-x:1_news) [   x:1_news] o.a.s.c.SolrCore [1_news]  Registered new searcher autowarm time: 2 ms
2021-08-15 18:48:07.454 INFO  (qtp708533063-21) [   x:1_news] o.a.s.u.p.LogUpdateProcessorFactory [1_news]  webapp=/solr path=/update params={commit=true}{commit=} 0 938
2021-08-15 18:59:44.860 INFO  (qtp708533063-24) [   x:1_news] o.a.s.u.p.LogUpdateProcessorFactory [1_news]  webapp=/solr path=/update params={}{add=[de0a76b3-4d00-4cdb-97df-b7f3b64f438d, 3e663700-4243-4368-829d-8a519244ec75, c25aabd8-8c6c-4973-994d-d8d303a8e8b1, 968cab08-c87b-46d3-8dbf-ba616600501c, 9097d5e1-1ba7-4002-bf65-b5c393fa26cf, 55b08ec4-d549-4ac9-b0a1-4c2b12b456c2, 70560958-51d3-4132-9468-a9359cd644bc, 3bbce335-12a0-44b9-81e4-b8c065d34eec, 07ece752-0b3e-42e1-988f-db4fe656d0bb, 2ddeb307-00cb-4d0c-af0c-318d12e5de1d, ... (12 adds)]} 0 19
2021-08-15 18:59:44.880 INFO  (qtp708533063-16) [   x:1_news] o.a.s.u.p.LogUpdateProcessorFactory [1_news]  webapp=/solr path=/update params={}{add=[02f56d2d-2e56-40a5-ae59-c660752cf46d, c350fc95-2679-4f41-ac4f-4f50e422267a, d16a64ba-bac7-4f46-a2a9-31c5e445f9d1, cee31ca8-22da-4a52-a227-2d396639644d, 89b17c1e-659a-45bf-8143-a7817ac77044, f0eba831-570b-4343-8913-83c3a602e0ee, 139ede36-a34b-415c-b596-3eba5e7a45d9, 62f47f41-5ae5-4b09-8b47-6041c9892bcb, 50f3d10b-d006-420d-b343-340ae7674a50, 00221d1c-f997-4af9-9057-fa81249e8031, ... (12 adds)]} 0 11
2021-08-15 18:59:44.892 INFO  (qtp708533063-18) [   x:1_news] o.a.s.u.p.LogUpdateProcessorFactory [1_news]  webapp=/solr path=/update params={}{add=[241fa487-f5d6-444b-b95b-e50e1f1760f9, 2675c14a-dfb2-4a24-97a9-bcdc7e46a3da, 70cf210d-232a-46ad-9947-4f940ea96ba0, b1525f76-9a0b-4c35-9351-4b39b5434b64, b671736d-ad02-4d8e-af6a-c1c81295f52e, 20840ffb-dfdf-4048-8cb5-63fe5f78490f, f9fc47c8-8aa6-41f4-bfbb-863cfdac6d65]} 0 6
2021-08-15 18:59:44.900 INFO  (qtp708533063-20) [   x:1_news] o.a.s.u.p.LogUpdateProcessorFactory [1_news]  webapp=/solr path=/update params={}{add=[8ecf6080-53a2-406c-abbe-2266d895d565, 228e786e-6680-4f4e-9157-db570aac2a53, 31245f68-4373-446b-904c-e46a922ac772, 98abdf28-dd2f-4504-af60-43fab576ddcf, 5616cf30-6f52-4443-9a67-056e53bd9684, 04b112c9-9a2e-4d75-b00a-43d22ad86622, 2ec07898-23b9-4fd3-aaea-4b2e1b704f0d]} 0 4
2021-08-15 18:59:45.376 INFO  (searcherExecutor-17-thread-1-processing-x:1_news) [   x:1_news] o.a.s.c.SolrCore [1_news]  Registered new searcher autowarm time: 0 ms
2021-08-15 18:59:45.377 INFO  (qtp708533063-18) [   x:1_news] o.a.s.u.p.LogUpdateProcessorFactory [1_news]  webapp=/solr path=/update params={commit=true}{commit=} 0 472
2021-08-15 18:59:53.156 INFO  (qtp708533063-20) [   ] o.a.s.s.HttpSolrCall [admin] webapp=null path=/admin/cores params={indexInfo=false&wt=json&_=1629053993032} status=0 QTime=2
2021-08-15 18:59:53.170 INFO  (qtp708533063-16) [   ] o.a.s.s.HttpSolrCall [admin] webapp=null path=/admin/info/system params={wt=json&_=1629053993032} status=0 QTime=16
2021-08-15 18:59:53.248 INFO  (qtp708533063-21) [   x:1_news] o.a.s.c.S.Request [1_news]  webapp=/solr path=/select params={q=*:*&q.op=OR&_=1629053993090} hits=70 status=0 QTime=80
2021-08-15 21:11:52.912 INFO  (JettyShutdownThread) [   ] o.e.j.s.AbstractConnector Stopped ServerConnector@3e6ef8ad{HTTP/1.1, (http/1.1, h2c)}{0.0.0.0:8983}
2021-08-15 21:11:52.912 INFO  (JettyShutdownThread) [   ] o.e.j.s.session node0 Stopped scavenging
2021-08-15 21:11:52.915 INFO  (JettyShutdownThread) [   ] o.a.s.c.CoreContainer Shutting down CoreContainer instance=264978436
2021-08-15 21:11:52.918 INFO  (coreCloseExecutor-25-thread-2) [   ] o.a.s.c.SolrCore [HelloWorld]  CLOSING SolrCore org.apache.solr.core.SolrCore@8b17c3d
2021-08-15 21:11:52.918 INFO  (coreCloseExecutor-25-thread-1) [   ] o.a.s.c.SolrCore [1_news]  CLOSING SolrCore org.apache.solr.core.SolrCore@55f16cd1
2021-08-15 21:11:52.918 INFO  (coreCloseExecutor-25-thread-1) [   ] o.a.s.m.SolrMetricManager Closing metric reporters for registry=solr.core.1_news tag=SolrCore@55f16cd1
2021-08-15 21:11:52.919 INFO  (coreCloseExecutor-25-thread-1) [   ] o.a.s.m.r.SolrJmxReporter Closing reporter [org.apache.solr.metrics.reporters.SolrJmxReporter@6797ff93: rootName = null, domain = solr.core.1_news, service url = null, agent id = null] for registry solr.core.1_news/com.codahale.metrics.MetricRegistry@22100513
2021-08-15 21:11:52.935 INFO  (coreCloseExecutor-25-thread-2) [   ] o.a.s.m.SolrMetricManager Closing metric reporters for registry=solr.core.HelloWorld tag=SolrCore@8b17c3d
2021-08-15 21:11:52.935 INFO  (coreCloseExecutor-25-thread-2) [   ] o.a.s.m.r.SolrJmxReporter Closing reporter [org.apache.solr.metrics.reporters.SolrJmxReporter@65e9fbae: rootName = null, domain = solr.core.HelloWorld, service url = null, agent id = null] for registry solr.core.HelloWorld/com.codahale.metrics.MetricRegistry@36ab77d5
2021-08-15 21:11:52.938 INFO  (coreCloseExecutor-25-thread-1) [   ] o.a.s.u.DirectUpdateHandler2 Committing on IndexWriter.close()  ... SKIPPED (unnecessary).
2021-08-15 21:11:52.955 INFO  (coreCloseExecutor-25-thread-2) [   ] o.a.s.u.DirectUpdateHandler2 Committing on IndexWriter.close()  ... SKIPPED (unnecessary).
2021-08-15 21:11:52.965 INFO  (JettyShutdownThread) [   ] o.a.s.m.SolrMetricManager Closing metric reporters for registry=solr.node tag=null
2021-08-15 21:11:52.966 INFO  (JettyShutdownThread) [   ] o.a.s.m.r.SolrJmxReporter Closing reporter [org.apache.solr.metrics.reporters.SolrJmxReporter@5d10455d: rootName = null, domain = solr.node, service url = null, agent id = null] for registry solr.node/com.codahale.metrics.MetricRegistry@717dc20
2021-08-15 21:11:52.970 INFO  (JettyShutdownThread) [   ] o.a.s.m.SolrMetricManager Closing metric reporters for registry=solr.jvm tag=null
2021-08-15 21:11:52.970 INFO  (JettyShutdownThread) [   ] o.a.s.m.r.SolrJmxReporter Closing reporter [org.apache.solr.metrics.reporters.SolrJmxReporter@15f193b8: rootName = null, domain = solr.jvm, service url = null, agent id = null] for registry solr.jvm/com.codahale.metrics.MetricRegistry@6cf3ea59
2021-08-15 21:11:52.971 INFO  (JettyShutdownThread) [   ] o.a.s.m.SolrMetricManager Closing metric reporters for registry=solr.jetty tag=null
2021-08-15 21:11:52.971 INFO  (JettyShutdownThread) [   ] o.a.s.m.r.SolrJmxReporter Closing reporter [org.apache.solr.metrics.reporters.SolrJmxReporter@2516fc68: rootName = null, domain = solr.jetty, service url = null, agent id = null] for registry solr.jetty/com.codahale.metrics.MetricRegistry@1dd8dd54
2021-08-15 21:11:52.988 INFO  (JettyShutdownThread) [   ] o.e.j.s.h.ContextHandler Stopped o.e.j.w.WebAppContext@11392934{/solr,null,STOPPED}{/home/ubuntu/solr-8.9.0/server/solr-webapp/webapp}
